<?xml version="1.0" encoding="UTF-8"?>
<testng-results ignored="0" total="1" passed="1" failed="0" skipped="0">
  <reporter-output>
  </reporter-output>
  <suite started-at="2023-08-24T17:01:52 IST" name="Default suite" finished-at="2023-08-24T17:02:33 IST" duration-ms="40887">
    <groups>
    </groups>
    <test started-at="2023-08-24T17:01:52 IST" name="Default test" finished-at="2023-08-24T17:02:33 IST" duration-ms="40887">
      <class name="homeTest.ToVerifyHomePageTitleUsingTestNgTest">
        <test-method is-config="true" signature="bsConfig()[pri:0, instance:homeTest.ToVerifyHomePageTitleUsingTestNgTest@548d708a]" started-at="2023-08-24T17:01:52 IST" name="bsConfig" finished-at="2023-08-24T17:01:52 IST" duration-ms="19" status="PASS">
          <reporter-output>
          </reporter-output>
        </test-method> <!-- bsConfig -->
        <test-method is-config="true" signature="btConfig()[pri:0, instance:homeTest.ToVerifyHomePageTitleUsingTestNgTest@548d708a]" started-at="2023-08-24T17:01:52 IST" name="btConfig" finished-at="2023-08-24T17:01:52 IST" duration-ms="3" status="PASS">
          <reporter-output>
          </reporter-output>
        </test-method> <!-- btConfig -->
        <test-method is-config="true" signature="bcConfig()[pri:0, instance:homeTest.ToVerifyHomePageTitleUsingTestNgTest@548d708a]" started-at="2023-08-24T17:01:52 IST" name="bcConfig" finished-at="2023-08-24T17:02:24 IST" duration-ms="32066" status="PASS">
          <reporter-output>
          </reporter-output>
        </test-method> <!-- bcConfig -->
        <test-method is-config="true" signature="bmConfig()[pri:0, instance:homeTest.ToVerifyHomePageTitleUsingTestNgTest@548d708a]" started-at="2023-08-24T17:02:24 IST" name="bmConfig" finished-at="2023-08-24T17:02:26 IST" duration-ms="1599" status="PASS">
          <reporter-output>
          </reporter-output>
        </test-method> <!-- bmConfig -->
        <test-method signature="toVerifyHomePageTitleUsingTestNgTest()[pri:0, instance:homeTest.ToVerifyHomePageTitleUsingTestNgTest@548d708a]" started-at="2023-08-24T17:02:26 IST" name="toVerifyHomePageTitleUsingTestNgTest" finished-at="2023-08-24T17:02:31 IST" duration-ms="4918" status="PASS">
          <reporter-output>
          </reporter-output>
        </test-method> <!-- toVerifyHomePageTitleUsingTestNgTest -->
        <test-method is-config="true" signature="afConfig()[pri:0, instance:homeTest.ToVerifyHomePageTitleUsingTestNgTest@548d708a]" started-at="2023-08-24T17:02:31 IST" name="afConfig" finished-at="2023-08-24T17:02:32 IST" duration-ms="1576" status="PASS">
          <reporter-output>
          </reporter-output>
        </test-method> <!-- afConfig -->
        <test-method is-config="true" signature="acConfig()[pri:0, instance:homeTest.ToVerifyHomePageTitleUsingTestNgTest@548d708a]" started-at="2023-08-24T17:02:32 IST" name="acConfig" finished-at="2023-08-24T17:02:33 IST" duration-ms="649" status="PASS">
          <reporter-output>
          </reporter-output>
        </test-method> <!-- acConfig -->
        <test-method is-config="true" signature="atConfig()[pri:0, instance:homeTest.ToVerifyHomePageTitleUsingTestNgTest@548d708a]" started-at="2023-08-24T17:02:33 IST" name="atConfig" finished-at="2023-08-24T17:02:33 IST" duration-ms="0" status="PASS">
          <reporter-output>
          </reporter-output>
        </test-method> <!-- atConfig -->
        <test-method is-config="true" signature="asConfig()[pri:0, instance:homeTest.ToVerifyHomePageTitleUsingTestNgTest@548d708a]" started-at="2023-08-24T17:02:33 IST" name="asConfig" finished-at="2023-08-24T17:02:33 IST" duration-ms="1" status="PASS">
          <reporter-output>
          </reporter-output>
        </test-method> <!-- asConfig -->
      </class> <!-- homeTest.ToVerifyHomePageTitleUsingTestNgTest -->
    </test> <!-- Default test -->
  </suite> <!-- Default suite -->
</testng-results>
